<?xml version="1.0" encoding="UTF-8"?>
<testsuite xmlns:xsi="http://www.w3.org/2001/XMLSchema-instance" xsi:noNamespaceSchemaLocation="https://maven.apache.org/surefire/maven-surefire-plugin/xsd/surefire-test-report.xsd" version="3.0.2" name="com.cg.CalculatorTest" time="0.249" tests="5" errors="0" skipped="0" failures="0">
  <properties>
[...]
</properties>
  <testcase name="isPrimeTest(int)[1]" classname="com.cg.CalculatorTest" time="0.053">
    <system-out><![CDATA[Calculator Object Created
Testing isPrime Method
]]></system-out>
  </testcase>
  <testcase name="isPrimeTest(int)[2]" classname="com.cg.CalculatorTest" time="0.008">
    <system-out><![CDATA[Testing isPrime Method
]]></system-out>
  </testcase>
  <testcase name="isPrimeTest(int)[3]" classname="com.cg.CalculatorTest" time="0.004">
    <system-out><![CDATA[Testing isPrime Method
]]></system-out>
  </testcase>
  <testcase name="isPrimeTest(int)[4]" classname="com.cg.CalculatorTest" time="0.007">
    <system-out><![CDATA[Testing isPrime Method
]]></system-out>
  </testcase>
  <testcase name="calTest" classname="com.cg.CalculatorTest" time="0.008">
    <system-out><![CDATA[Testing Calculate Method
]]></system-out>
  </testcase>
</testsuite>